Starting Python Project Auto Push...
Fri  4 Jul 2025 02:09:42 BST
From https://github.com/cisaan/D-O-B-Digital
 * branch            main       -> FETCH_HEAD
Already up to date.
[main a227177] chore: daily python project update - 2025-07-04 02:09:42
 3 files changed, 43 insertions(+), 15 deletions(-)
 create mode 100644 auto_git_push.log
To https://github.com/cisaan/D-O-B-Digital.git
   5440e05..a227177  main -> main
Python project auto push complete ✅
Starting Python Project Auto Push...
Fri  4 Jul 2025 02:13:52 BST
From https://github.com/cisaan/D-O-B-Digital
 * branch            main       -> FETCH_HEAD
Already up to date.
[main cf57d03] chore: daily python project update - 2025-07-04 02:13:53
 3 files changed, 24 insertions(+), 7 deletions(-)
To https://github.com/cisaan/D-O-B-Digital.git
   a227177..cf57d03  main -> main
Python project auto push complete ✅
Starting Python Project Auto Push...
Sun  6 Jul 2025 15:16:00 BST
From https://github.com/cisaan/D-O-B-Digital
 * branch            main       -> FETCH_HEAD
Already up to date.
